<?xml version="1.0" encoding="UTF-8"?>
<testng-results ignored="0" total="2" passed="2" failed="0" skipped="0">
  <reporter-output>
  </reporter-output>
  <suite started-at="2026-09-22T15:18:50 IST" name="Suite" finished-at="2026-09-22T15:18:50 IST" duration-ms="69">
    <groups>
    </groups>
    <test started-at="2026-09-22T15:18:50 IST" name="Test" finished-at="2026-09-22T15:18:50 IST" duration-ms="69">
      <class name="pac1.CreatecontactTest">
        <test-method signature="ModifycontactTest()[pri:0, instance:pac1.CreatecontactTest@3349e9bb]" started-at="2026-09-22T15:18:50 IST" name="ModifycontactTest" finished-at="2026-09-22T15:18:50 IST" duration-ms="13" status="PASS">
          <reporter-output>
          </reporter-output>
        </test-method> <!-- ModifycontactTest -->
        <test-method signature="createcontactTest()[pri:0, instance:pac1.CreatecontactTest@3349e9bb]" started-at="2026-09-22T15:18:50 IST" name="createcontactTest" finished-at="2026-09-22T15:18:50 IST" duration-ms="2" status="PASS">
          <reporter-output>
          </reporter-output>
        </test-method> <!-- createcontactTest -->
      </class> <!-- pac1.CreatecontactTest -->
    </test> <!-- Test -->
  </suite> <!-- Suite -->
</testng-results>
